This is pdfTeX, Version 3.14159265-2.6-1.40.17 (MiKTeX 2.9.6210 64-bit) (preloaded format=pdflatex 2017.4.25)  9 MAY 2017 14:10
entering extended mode
**./BulovaAlgebra.tex
(BulovaAlgebra.tex
LaTeX2e <2017/01/01> patch level 1
Babel <3.9r> and hyphenation patterns for 75 language(s) loaded.
! Undefined control sequence.
l.1 \section
            {Bulova algebra}
The control sequence at the end of the top line
of your error message was never \def'ed. If you have
misspelled it (e.g., `\hobx'), type `I' and the correct
spelling (e.g., `I\hbox'). Otherwise just continue,
and I'll forget about whatever was undefined.


! LaTeX Error: Missing \begin{document}.

See the LaTeX manual or LaTeX Companion for explanation.
Type  H <return>  for immediate help.
 ...                                              
                                                  
l.1 \section{B
              ulova algebra}
You're in trouble here.  Try typing  <return>  to proceed.
If that doesn't work, type  X <return>  to quit.

Missing character: There is no B in font nullfont!
Missing character: There is no u in font nullfont!
Missing character: There is no l in font nullfont!
Missing character: There is no o in font nullfont!
Missing character: There is no v in font nullfont!
Missing character: There is no a in font nullfont!
Missing character: There is no a in font nullfont!
Missing character: There is no l in font nullfont!
Missing character: There is no g in font nullfont!
Missing character: There is no e in font nullfont!
Missing character: There is no b in font nullfont!
Missing character: There is no r in font nullfont!
Missing character: There is no a in font nullfont!

! LaTeX Error: Environment definition undefined.

See the LaTeX manual or LaTeX Companion for explanation.
Type  H <return>  for immediate help.
 ...                                              
                                                  
l.2 \begin{definition}
                      
Your command was ignored.
Type  I <command> <return>  to replace it with another command,
or  <return>  to continue without it.

Missing character: There is no S in font nullfont!
Missing character: There is no k in font nullfont!
Missing character: There is no u in font nullfont!
Missing character: There is no p in font nullfont!
LaTeX Font Info:    External font `cmex10' loaded for size
(Font)              <7> on input line 3.
LaTeX Font Info:    External font `cmex10' loaded for size
(Font)              <5> on input line 3.
Missing character: There is no s in font nullfont!
Missing character: There is no a in font nullfont!
Missing character: There is no n in font nullfont!
Missing character: There is no a in font nullfont!
Missing character: There is no j in font nullfont!
Missing character: There is no m in font nullfont!
Missing character: There is no a in font nullfont!
Missing character: There is no n in font nullfont!
Missing character: There is no j in font nullfont!
Missing character: There is no e in font nullfont!
Missing character: There is no 2 in font nullfont!
Missing character: There is no e in font nullfont!
Missing character: There is no l in font nullfont!
Missing character: There is no e in font nullfont!
Missing character: There is no m in font nullfont!
Missing character: There is no e in font nullfont!
Missing character: There is no n in font nullfont!
Missing character: There is no t in font nullfont!
Missing character: There is no a in font nullfont!
Missing character: There is no n in font nullfont!
Missing character: There is no a in font nullfont!
Missing character: There is no k in font nullfont!
Missing character: There is no o in font nullfont!
Missing character: There is no m in font nullfont!
Missing character: There is no e in font nullfont!
Missing character: There is no s in font nullfont!
Missing character: There is no u in font nullfont!
Missing character: There is no d in font nullfont!
Missing character: There is no e in font nullfont!
Missing character: There is no f in font nullfont!
Missing character: There is no i in font nullfont!
Missing character: There is no n in font nullfont!
Missing character: There is no i in font nullfont!
Missing character: There is no s in font nullfont!
Missing character: There is no a in font nullfont!
Missing character: There is no n in font nullfont!
Missing character: There is no e in font nullfont!
Missing character: There is no 2 in font nullfont!
Missing character: There is no b in font nullfont!
Missing character: There is no i in font nullfont!
Missing character: There is no n in font nullfont!
Missing character: There is no a in font nullfont!
Missing character: There is no r in font nullfont!
Missing character: There is no n in font nullfont!
Missing character: There is no e in font nullfont!
Missing character: There is no o in font nullfont!
Missing character: There is no p in font nullfont!
Missing character: There is no e in font nullfont!
Missing character: There is no r in font nullfont!
Missing character: There is no a in font nullfont!
Missing character: There is no c in font nullfont!
Missing character: There is no i in font nullfont!
Missing character: There is no j in font nullfont!
Missing character: There is no e in font nullfont!
Missing character: There is no i in font nullfont!
Missing character: There is no j in font nullfont!
Missing character: There is no e in font nullfont!
Missing character: There is no a in font nullfont!
Missing character: There is no k in font nullfont!
Missing character: There is no o in font nullfont!
Missing character: There is no v in font nullfont!
Missing character: There is no a in font nullfont!
Missing character: There is no ≈ in font nullfont!
Missing character: There is no æ in font nullfont!
Missing character: There is no e in font nullfont!
Missing character: There is no s in font nullfont!
Missing character: There is no l in font nullfont!
Missing character: There is no e in font nullfont!
Missing character: There is no d in font nullfont!
Missing character: There is no e in font nullfont!
Missing character: There is no ƒ in font nullfont!
Missing character: There is no á in font nullfont!
Missing character: There is no e in font nullfont!
Missing character: There is no a in font nullfont!
Missing character: There is no k in font nullfont!
Missing character: There is no s in font nullfont!
Missing character: There is no i in font nullfont!
Missing character: There is no o in font nullfont!
Missing character: There is no m in font nullfont!
Missing character: There is no e in font nullfont!
Missing character: There is no : in font nullfont!

Overfull \hbox (20.0pt too wide) in paragraph at lines 1--4
[]
 []


Overfull \hbox (8.0868pt too wide) in paragraph at lines 1--4
\OML/cmm/m/it/10 B$
 []


Overfull \hbox (6.66669pt too wide) in paragraph at lines 1--4
\OMS/cmsy/m/n/10 ^$
 []


Overfull \hbox (6.66669pt too wide) in paragraph at lines 1--4
\OMS/cmsy/m/n/10 _$
 []


Overfull \hbox (34.21507pt too wide) in paragraph at lines 1--4
\OT1/cmr/bx/n/10 Bulova
 []


Overfull \hbox (12.61797pt too wide) in paragraph at lines 1--4
\OT1/cmr/bx/n/10 al-
 []


Overfull \hbox (14.8541pt too wide) in paragraph at lines 1--4
\OT1/cmr/bx/n/10 ge-
 []


Overfull \hbox (16.71518pt too wide) in paragraph at lines 1--4
\OT1/cmr/bx/n/10 bra
 []


! LaTeX Error: Missing \begin{document}.

See the LaTeX manual or LaTeX Companion for explanation.
Type  H <return>  for immediate help.
 ...                                              
                                                  
l.4 	\begin{enumerate}[
                       label=$B_{\arabic *}$: ]
You're in trouble here.  Try typing  <return>  to proceed.
If that doesn't work, type  X <return>  to quit.

Missing character: There is no [ in font nullfont!
Missing character: There is no l in font nullfont!
Missing character: There is no a in font nullfont!
Missing character: There is no b in font nullfont!
Missing character: There is no e in font nullfont!
Missing character: There is no l in font nullfont!
Missing character: There is no = in font nullfont!
! Missing number, treated as zero.
<to be read again> 
                   \c@* 
l.4 	\begin{enumerate}[label=$B_{\arabic *
                                          }$: ]
A number should have been here; I inserted `0'.
(If you can't figure out why I needed to see a number,
look up `weird error' in the index to The TeXbook.)

Missing character: There is no : in font nullfont!
Missing character: There is no ] in font nullfont!

! LaTeX Error: Something's wrong--perhaps a missing \item.

See the LaTeX manual or LaTeX Companion for explanation.
Type  H <return>  for immediate help.
 ...                                              
                                                  
l.6 			K
        omutativnost
Try typing  <return>  to proceed.
If that doesn't work, type  X <return>  to quit.


! LaTeX Error: Something's wrong--perhaps a missing \item.

See the LaTeX manual or LaTeX Companion for explanation.
Type  H <return>  for immediate help.
 ...                                              
                                                  
l.6 			K
        omutativnost
Try typing  <return>  to proceed.
If that doesn't work, type  X <return>  to quit.


! LaTeX Error: Something's wrong--perhaps a missing \item.

See the LaTeX manual or LaTeX Companion for explanation.
Type  H <return>  for immediate help.
 ...                                              
                                                  
l.6 			K
        omutativnost
Try typing  <return>  to proceed.
If that doesn't work, type  X <return>  to quit.

Missing character: There is no K in font nullfont!
Missing character: There is no o in font nullfont!
Missing character: There is no m in font nullfont!
Missing character: There is no u in font nullfont!
Missing character: There is no t in font nullfont!
Missing character: There is no a in font nullfont!
Missing character: There is no t in font nullfont!
Missing character: There is no i in font nullfont!
Missing character: There is no v in font nullfont!
Missing character: There is no n in font nullfont!
Missing character: There is no o in font nullfont!
Missing character: There is no s in font nullfont!
Missing character: There is no t in font nullfont!

! LaTeX Error: Environment align* undefined.

See the LaTeX manual or LaTeX Companion for explanation.
Type  H <return>  for immediate help.
 ...                                              
                                                  
l.7 			\begin{align*}
                     
Your command was ignored.
Type  I <command> <return>  to replace it with another command,
or  <return>  to continue without it.

Missing character: There is no ( in font nullfont!
! Missing $ inserted.
<inserted text> 
                $
l.8 				(\forall
                 a, b \in B) \; a\lor b &= b \lor a\\
I've inserted a begin-math/end-math symbol since I think
you left one out. Proceed, with fingers crossed.

! Misplaced alignment tab character &.
l.8 				(\forall a, b \in B) \; a\lor b &
                                         = b \lor a\\
I can't figure out why you would want to use a tab mark
here. If you just want an ampersand, the remedy is
simple: Just type `I\&' now. But if some right brace
up above has ended a previous alignment prematurely,
you're probably due for more error messages, and you
might try typing `S' now just to see what is salvageable.

! Misplaced alignment tab character &.
l.9 				a\land b &
                  = b\land a
I can't figure out why you would want to use a tab mark
here. If you just want an ampersand, the remedy is
simple: Just type `I\&' now. But if some right brace
up above has ended a previous alignment prematurely,
you're probably due for more error messages, and you
might try typing `S' now just to see what is salvageable.


! LaTeX Error: \begin{enumerate} on input line 4 ended by \end{align*}.

See the LaTeX manual or LaTeX Companion for explanation.
Type  H <return>  for immediate help.
 ...                                              
                                                  
l.10 			\end{align*}
                    
Your command was ignored.
Type  I <command> <return>  to replace it with another command,
or  <return>  to continue without it.

! Missing $ inserted.
<inserted text> 
                $
l.10 			\end{align*}
                    
I've inserted something that you may have forgotten.
(See the <inserted text> above.)
With luck, this will get me unwedged. But if you
really didn't forget anything, try typing `2' now; then
my insertion and my current dilemma will both disappear.


! LaTeX Error: Something's wrong--perhaps a missing \item.

See the LaTeX manual or LaTeX Companion for explanation.
Type  H <return>  for immediate help.
 ...                                              
                                                  
l.12 			A
         socijativnost
Try typing  <return>  to proceed.
If that doesn't work, type  X <return>  to quit.


! LaTeX Error: Something's wrong--perhaps a missing \item.

See the LaTeX manual or LaTeX Companion for explanation.
Type  H <return>  for immediate help.
 ...                                              
                                                  
l.12 			A
         socijativnost
Try typing  <return>  to proceed.
If that doesn't work, type  X <return>  to quit.


! LaTeX Error: Something's wrong--perhaps a missing \item.

See the LaTeX manual or LaTeX Companion for explanation.
Type  H <return>  for immediate help.
 ...                                              
                                                  
l.12 			A
         socijativnost
Try typing  <return>  to proceed.
If that doesn't work, type  X <return>  to quit.

Missing character: There is no A in font nullfont!
Missing character: There is no s in font nullfont!
Missing character: There is no o in font nullfont!
Missing character: There is no c in font nullfont!
Missing character: There is no i in font nullfont!
Missing character: There is no j in font nullfont!
Missing character: There is no a in font nullfont!
Missing character: There is no t in font nullfont!
Missing character: There is no i in font nullfont!
Missing character: There is no v in font nullfont!
Missing character: There is no n in font nullfont!
Missing character: There is no o in font nullfont!
Missing character: There is no s in font nullfont!
Missing character: There is no t in font nullfont!

! LaTeX Error: Environment align* undefined.

See the LaTeX manual or LaTeX Companion for explanation.
Type  H <return>  for immediate help.
 ...                                              
                                                  
l.13 			\begin{align*}
                      
Your command was ignored.
Type  I <command> <return>  to replace it with another command,
or  <return>  to continue without it.

Missing character: There is no ( in font nullfont!
! Missing $ inserted.
<inserted text> 
                $
l.14 				(\forall
                  a, b, c \in B) \; (a\lor b) \lor c &= a\lor (b\lor c)\\
I've inserted a begin-math/end-math symbol since I think
you left one out. Proceed, with fingers crossed.

! Misplaced alignment tab character &.
l.14 ...orall a, b, c \in B) \; (a\lor b) \lor c &
                                                  = a\lor (b\lor c)\\
I can't figure out why you would want to use a tab mark
here. If you just want an ampersand, the remedy is
simple: Just type `I\&' now. But if some right brace
up above has ended a previous alignment prematurely,
you're probably due for more error messages, and you
might try typing `S' now just to see what is salvageable.

! Misplaced alignment tab character &.
l.15 				(a\land b)\land c &
                            = a \land (b\land c)
I can't figure out why you would want to use a tab mark
here. If you just want an ampersand, the remedy is
simple: Just type `I\&' now. But if some right brace
up above has ended a previous alignment prematurely,
you're probably due for more error messages, and you
might try typing `S' now just to see what is salvageable.


! LaTeX Error: \begin{enumerate} on input line 4 ended by \end{align*}.

See the LaTeX manual or LaTeX Companion for explanation.
Type  H <return>  for immediate help.
 ...                                              
                                                  
l.16 			\end{align*}
                    
Your command was ignored.
Type  I <command> <return>  to replace it with another command,
or  <return>  to continue without it.

! Missing $ inserted.
<inserted text> 
                $
l.16 			\end{align*}
                    
I've inserted something that you may have forgotten.
(See the <inserted text> above.)
With luck, this will get me unwedged. But if you
really didn't forget anything, try typing `2' now; then
my insertion and my current dilemma will both disappear.


! LaTeX Error: Something's wrong--perhaps a missing \item.

See the LaTeX manual or LaTeX Companion for explanation.
Type  H <return>  for immediate help.
 ...                                              
                                                  
l.18 			D
         istributivnost
Try typing  <return>  to proceed.
If that doesn't work, type  X <return>  to quit.


! LaTeX Error: Something's wrong--perhaps a missing \item.

See the LaTeX manual or LaTeX Companion for explanation.
Type  H <return>  for immediate help.
 ...                                              
                                                  
l.18 			D
         istributivnost
Try typing  <return>  to proceed.
If that doesn't work, type  X <return>  to quit.


! LaTeX Error: Something's wrong--perhaps a missing \item.

See the LaTeX manual or LaTeX Companion for explanation.
Type  H <return>  for immediate help.
 ...                                              
                                                  
l.18 			D
         istributivnost
Try typing  <return>  to proceed.
If that doesn't work, type  X <return>  to quit.

Missing character: There is no D in font nullfont!
Missing character: There is no i in font nullfont!
Missing character: There is no s in font nullfont!
Missing character: There is no t in font nullfont!
Missing character: There is no r in font nullfont!
Missing character: There is no i in font nullfont!
Missing character: There is no b in font nullfont!
Missing character: There is no u in font nullfont!
Missing character: There is no t in font nullfont!
Missing character: There is no i in font nullfont!
Missing character: There is no v in font nullfont!
Missing character: There is no n in font nullfont!
Missing character: There is no o in font nullfont!
Missing character: There is no s in font nullfont!
Missing character: There is no t in font nullfont!

! LaTeX Error: Environment align* undefined.

See the LaTeX manual or LaTeX Companion for explanation.
Type  H <return>  for immediate help.
 ...                                              
                                                  
l.19 			\begin{align*}
                      
Your command was ignored.
Type  I <command> <return>  to replace it with another command,
or  <return>  to continue without it.

Missing character: There is no ( in font nullfont!
! Missing $ inserted.
<inserted text> 
                $
l.20 				(\forall
                  a, b, c \in B) \; a\lor (b\land c) &= (a\lor b)\land (a\lo...
I've inserted a begin-math/end-math symbol since I think
you left one out. Proceed, with fingers crossed.

! Misplaced alignment tab character &.
l.20 ...orall a, b, c \in B) \; a\lor (b\land c) &
                                                  = (a\lor b)\land (a\lor c)\\
I can't figure out why you would want to use a tab mark
here. If you just want an ampersand, the remedy is
simple: Just type `I\&' now. But if some right brace
up above has ended a previous alignment prematurely,
you're probably due for more error messages, and you
might try typing `S' now just to see what is salvageable.

! Misplaced alignment tab character &.
l.21 				a\land (b \lor c) &
                            = (a \land b) \lor (a \land c)
I can't figure out why you would want to use a tab mark
here. If you just want an ampersand, the remedy is
simple: Just type `I\&' now. But if some right brace
up above has ended a previous alignment prematurely,
you're probably due for more error messages, and you
might try typing `S' now just to see what is salvageable.


! LaTeX Error: \begin{enumerate} on input line 4 ended by \end{align*}.

See the LaTeX manual or LaTeX Companion for explanation.
Type  H <return>  for immediate help.
 ...                                              
                                                  
l.22 			\end{align*}
                    
Your command was ignored.
Type  I <command> <return>  to replace it with another command,
or  <return>  to continue without it.

! Missing $ inserted.
<inserted text> 
                $
l.22 			\end{align*}
                    
I've inserted something that you may have forgotten.
(See the <inserted text> above.)
With luck, this will get me unwedged. But if you
really didn't forget anything, try typing `2' now; then
my insertion and my current dilemma will both disappear.


! LaTeX Error: Something's wrong--perhaps a missing \item.

See the LaTeX manual or LaTeX Companion for explanation.
Type  H <return>  for immediate help.
 ...                                              
                                                  
l.24 			E
         gzistencija neutralnoh elementa
Try typing  <return>  to proceed.
If that doesn't work, type  X <return>  to quit.


! LaTeX Error: Something's wrong--perhaps a missing \item.

See the LaTeX manual or LaTeX Companion for explanation.
Type  H <return>  for immediate help.
 ...                                              
                                                  
l.24 			E
         gzistencija neutralnoh elementa
Try typing  <return>  to proceed.
If that doesn't work, type  X <return>  to quit.


! LaTeX Error: Something's wrong--perhaps a missing \item.

See the LaTeX manual or LaTeX Companion for explanation.
Type  H <return>  for immediate help.
 ...                                              
                                                  
l.24 			E
         gzistencija neutralnoh elementa
Try typing  <return>  to proceed.
If that doesn't work, type  X <return>  to quit.

Missing character: There is no E in font nullfont!
Missing character: There is no g in font nullfont!
Missing character: There is no z in font nullfont!
Missing character: There is no i in font nullfont!
Missing character: There is no s in font nullfont!
Missing character: There is no t in font nullfont!
Missing character: There is no e in font nullfont!
Missing character: There is no n in font nullfont!
Missing character: There is no c in font nullfont!
Missing character: There is no i in font nullfont!
Missing character: There is no j in font nullfont!
Missing character: There is no a in font nullfont!
Missing character: There is no n in font nullfont!
Missing character: There is no e in font nullfont!
Missing character: There is no u in font nullfont!
Missing character: There is no t in font nullfont!
Missing character: There is no r in font nullfont!
Missing character: There is no a in font nullfont!
Missing character: There is no l in font nullfont!
Missing character: There is no n in font nullfont!
Missing character: There is no o in font nullfont!
Missing character: There is no h in font nullfont!
Missing character: There is no e in font nullfont!
Missing character: There is no l in font nullfont!
Missing character: There is no e in font nullfont!
Missing character: There is no m in font nullfont!
Missing character: There is no e in font nullfont!
Missing character: There is no n in font nullfont!
Missing character: There is no t in font nullfont!
Missing character: There is no a in font nullfont!

! LaTeX Error: Environment align* undefined.

See the LaTeX manual or LaTeX Companion for explanation.
Type  H <return>  for immediate help.
 ...                                              
                                                  
l.25 			\begin{align*}
                      
Your command was ignored.
Type  I <command> <return>  to replace it with another command,
or  <return>  to continue without it.

! Misplaced alignment tab character &.
l.26 				&
          (\exists 0 \in B)(\forall x \in B) \; x\lor 0 = x\\
I can't figure out why you would want to use a tab mark
here. If you just want an ampersand, the remedy is
simple: Just type `I\&' now. But if some right brace
up above has ended a previous alignment prematurely,
you're probably due for more error messages, and you
might try typing `S' now just to see what is salvageable.

Missing character: There is no ( in font nullfont!
! Missing $ inserted.
<inserted text> 
                $
l.26 				&(\exists
                   0 \in B)(\forall x \in B) \; x\lor 0 = x\\
I've inserted a begin-math/end-math symbol since I think
you left one out. Proceed, with fingers crossed.

! Misplaced alignment tab character &.
<recently read> &
                 
l.27 				&
          (\exists 1 \in B)(\forall x \in B) \; x\land 1 = x
I can't figure out why you would want to use a tab mark
here. If you just want an ampersand, the remedy is
simple: Just type `I\&' now. But if some right brace
up above has ended a previous alignment prematurely,
you're probably due for more error messages, and you
might try typing `S' now just to see what is salvageable.


! LaTeX Error: \begin{enumerate} on input line 4 ended by \end{align*}.

See the LaTeX manual or LaTeX Companion for explanation.
Type  H <return>  for immediate help.
 ...                                              
                                                  
l.28 			\end{align*}
                    
Your command was ignored.
Type  I <command> <return>  to replace it with another command,
or  <return>  to continue without it.

! Missing $ inserted.
<inserted text> 
                $
l.28 			\end{align*}
                    
I've inserted something that you may have forgotten.
(See the <inserted text> above.)
With luck, this will get me unwedged. But if you
really didn't forget anything, try typing `2' now; then
my insertion and my current dilemma will both disappear.


! LaTeX Error: Something's wrong--perhaps a missing \item.

See the LaTeX manual or LaTeX Companion for explanation.
Type  H <return>  for immediate help.
 ...                                              
                                                  
l.30 			E
         gzistencija komplemnta
Try typing  <return>  to proceed.
If that doesn't work, type  X <return>  to quit.


! LaTeX Error: Something's wrong--perhaps a missing \item.

See the LaTeX manual or LaTeX Companion for explanation.
Type  H <return>  for immediate help.
 ...                                              
                                                  
l.30 			E
         gzistencija komplemnta
Try typing  <return>  to proceed.
If that doesn't work, type  X <return>  to quit.


! LaTeX Error: Something's wrong--perhaps a missing \item.

See the LaTeX manual or LaTeX Companion for explanation.
Type  H <return>  for immediate help.
 ...                                              
                                                  
l.30 			E
         gzistencija komplemnta
Try typing  <return>  to proceed.
If that doesn't work, type  X <return>  to quit.

Missing character: There is no E in font nullfont!
Missing character: There is no g in font nullfont!
Missing character: There is no z in font nullfont!
Missing character: There is no i in font nullfont!
Missing character: There is no s in font nullfont!
Missing character: There is no t in font nullfont!
Missing character: There is no e in font nullfont!
Missing character: There is no n in font nullfont!
Missing character: There is no c in font nullfont!
Missing character: There is no i in font nullfont!
Missing character: There is no j in font nullfont!
Missing character: There is no a in font nullfont!
Missing character: There is no k in font nullfont!
Missing character: There is no o in font nullfont!
Missing character: There is no m in font nullfont!
Missing character: There is no p in font nullfont!
Missing character: There is no l in font nullfont!
Missing character: There is no e in font nullfont!
Missing character: There is no m in font nullfont!
Missing character: There is no n in font nullfont!
Missing character: There is no t in font nullfont!
Missing character: There is no a in font nullfont!

! LaTeX Error: Environment align* undefined.

See the LaTeX manual or LaTeX Companion for explanation.
Type  H <return>  for immediate help.
 ...                                              
                                                  
l.31 			\begin{align*}
                      
Your command was ignored.
Type  I <command> <return>  to replace it with another command,
or  <return>  to continue without it.

Missing character: There is no ( in font nullfont!
! Missing $ inserted.
<inserted text> 
                $
l.32 				(\forall
                  x \in B)(\exists \overline{x} \in B)\; x\land \overline{x}...
I've inserted a begin-math/end-math symbol since I think
you left one out. Proceed, with fingers crossed.

! Misplaced alignment tab character &.
l.32 ...overline{x} \in B)\; x\land \overline{x} &
                                                  = 0\\
I can't figure out why you would want to use a tab mark
here. If you just want an ampersand, the remedy is
simple: Just type `I\&' now. But if some right brace
up above has ended a previous alignment prematurely,
you're probably due for more error messages, and you
might try typing `S' now just to see what is salvageable.

! Misplaced alignment tab character &.
l.33 				x \lor \overline{x} &
                              = 1
I can't figure out why you would want to use a tab mark
here. If you just want an ampersand, the remedy is
simple: Just type `I\&' now. But if some right brace
up above has ended a previous alignment prematurely,
you're probably due for more error messages, and you
might try typing `S' now just to see what is salvageable.


! LaTeX Error: \begin{enumerate} on input line 4 ended by \end{align*}.

See the LaTeX manual or LaTeX Companion for explanation.
Type  H <return>  for immediate help.
 ...                                              
                                                  
l.34 			\end{align*}
                    
Your command was ignored.
Type  I <command> <return>  to replace it with another command,
or  <return>  to continue without it.

! Missing $ inserted.
<inserted text> 
                $
l.34 			\end{align*}
                    
I've inserted something that you may have forgotten.
(See the <inserted text> above.)
With luck, this will get me unwedged. But if you
really didn't forget anything, try typing `2' now; then
my insertion and my current dilemma will both disappear.


! LaTeX Error: Something's wrong--perhaps a missing \item.

See the LaTeX manual or LaTeX Companion for explanation.
Type  H <return>  for immediate help.
 ...                                              
                                                  
l.35 	\end{enumerate}
                     
Try typing  <return>  to proceed.
If that doesn't work, type  X <return>  to quit.


Overfull \hbox (12.07121pt too wide) in paragraph at lines 4--35
[]$\OML/cmm/m/it/10 B[]$
 []


Overfull \hbox (29.02193pt too wide) in paragraph at lines 4--35
\OMS/cmsy/m/n/10 8\OML/cmm/m/it/10 a; b \OMS/cmsy/m/n/10 2
 []


Overfull \hbox (26.706pt too wide) in paragraph at lines 4--35
\OML/cmm/m/it/10 B\OT1/cmr/m/n/10 ) \OML/cmm/m/it/10 a \OMS/cmsy/m/n/10 _
 []


Overfull \hbox (14.84717pt too wide) in paragraph at lines 4--35
\OML/cmm/m/it/10 b \OT1/cmr/m/n/10 =
 []


Overfull \hbox (10.95834pt too wide) in paragraph at lines 4--35
\OML/cmm/m/it/10 b \OMS/cmsy/m/n/10 _
 []


Overfull \hbox (5.28589pt too wide) in paragraph at lines 4--35
\OML/cmm/m/it/10 a[] 
 []


Overfull \hbox (11.95258pt too wide) in paragraph at lines 4--35
\OML/cmm/m/it/10 a \OMS/cmsy/m/n/10 ^
 []


Overfull \hbox (14.84717pt too wide) in paragraph at lines 4--35
\OML/cmm/m/it/10 b \OT1/cmr/m/n/10 =
 []


Overfull \hbox (10.95834pt too wide) in paragraph at lines 4--35
\OML/cmm/m/it/10 b \OMS/cmsy/m/n/10 ^
 []


Overfull \hbox (5.28589pt too wide) in paragraph at lines 4--35
\OML/cmm/m/it/10 a$
 []


Overfull \hbox (37.7939pt too wide) in paragraph at lines 4--35
\OMS/cmsy/m/n/10 8\OML/cmm/m/it/10 a; b; c \OMS/cmsy/m/n/10 2
 []


Overfull \hbox (30.5949pt too wide) in paragraph at lines 4--35
\OML/cmm/m/it/10 B\OT1/cmr/m/n/10 ) (\OML/cmm/m/it/10 a \OMS/cmsy/m/n/10 _
 []


Overfull \hbox (14.84724pt too wide) in paragraph at lines 4--35
\OML/cmm/m/it/10 b\OT1/cmr/m/n/10 ) \OMS/cmsy/m/n/10 _
 []


Overfull \hbox (14.88307pt too wide) in paragraph at lines 4--35
\OML/cmm/m/it/10 c \OT1/cmr/m/n/10 =
 []


Overfull \hbox (11.95258pt too wide) in paragraph at lines 4--35
\OML/cmm/m/it/10 a \OMS/cmsy/m/n/10 _
 []


Overfull \hbox (14.84724pt too wide) in paragraph at lines 4--35
\OT1/cmr/m/n/10 (\OML/cmm/m/it/10 b \OMS/cmsy/m/n/10 _
 []


Overfull \hbox (8.21646pt too wide) in paragraph at lines 4--35
\OML/cmm/m/it/10 c\OT1/cmr/m/n/10 )[] 
 []


Overfull \hbox (15.84148pt too wide) in paragraph at lines 4--35
\OT1/cmr/m/n/10 (\OML/cmm/m/it/10 a \OMS/cmsy/m/n/10 ^
 []


Overfull \hbox (14.84724pt too wide) in paragraph at lines 4--35
\OML/cmm/m/it/10 b\OT1/cmr/m/n/10 ) \OMS/cmsy/m/n/10 ^
 []


Overfull \hbox (14.88307pt too wide) in paragraph at lines 4--35
\OML/cmm/m/it/10 c \OT1/cmr/m/n/10 =
 []


Overfull \hbox (11.95258pt too wide) in paragraph at lines 4--35
\OML/cmm/m/it/10 a \OMS/cmsy/m/n/10 ^
 []


Overfull \hbox (14.84724pt too wide) in paragraph at lines 4--35
\OT1/cmr/m/n/10 (\OML/cmm/m/it/10 b \OMS/cmsy/m/n/10 ^
 []


Overfull \hbox (8.21646pt too wide) in paragraph at lines 4--35
\OML/cmm/m/it/10 c\OT1/cmr/m/n/10 )$
 []


Overfull \hbox (37.7939pt too wide) in paragraph at lines 4--35
\OMS/cmsy/m/n/10 8\OML/cmm/m/it/10 a; b; c \OMS/cmsy/m/n/10 2
 []


Overfull \hbox (26.706pt too wide) in paragraph at lines 4--35
\OML/cmm/m/it/10 B\OT1/cmr/m/n/10 ) \OML/cmm/m/it/10 a \OMS/cmsy/m/n/10 _
 []


Overfull \hbox (14.84724pt too wide) in paragraph at lines 4--35
\OT1/cmr/m/n/10 (\OML/cmm/m/it/10 b \OMS/cmsy/m/n/10 ^
 []


Overfull \hbox (18.77197pt too wide) in paragraph at lines 4--35
\OML/cmm/m/it/10 c\OT1/cmr/m/n/10 ) =
 []


Overfull \hbox (15.84148pt too wide) in paragraph at lines 4--35
\OT1/cmr/m/n/10 (\OML/cmm/m/it/10 a \OMS/cmsy/m/n/10 _
 []


Overfull \hbox (14.84724pt too wide) in paragraph at lines 4--35
\OML/cmm/m/it/10 b\OT1/cmr/m/n/10 ) \OMS/cmsy/m/n/10 ^
 []


Overfull \hbox (15.84148pt too wide) in paragraph at lines 4--35
\OT1/cmr/m/n/10 (\OML/cmm/m/it/10 a \OMS/cmsy/m/n/10 _
 []


Overfull \hbox (8.21646pt too wide) in paragraph at lines 4--35
\OML/cmm/m/it/10 c\OT1/cmr/m/n/10 )[] 
 []


Overfull \hbox (11.95258pt too wide) in paragraph at lines 4--35
\OML/cmm/m/it/10 a \OMS/cmsy/m/n/10 ^
 []


Overfull \hbox (14.84724pt too wide) in paragraph at lines 4--35
\OT1/cmr/m/n/10 (\OML/cmm/m/it/10 b \OMS/cmsy/m/n/10 _
 []


Overfull \hbox (18.77197pt too wide) in paragraph at lines 4--35
\OML/cmm/m/it/10 c\OT1/cmr/m/n/10 ) =
 []


Overfull \hbox (15.84148pt too wide) in paragraph at lines 4--35
\OT1/cmr/m/n/10 (\OML/cmm/m/it/10 a \OMS/cmsy/m/n/10 ^
 []


Overfull \hbox (14.84724pt too wide) in paragraph at lines 4--35
\OML/cmm/m/it/10 b\OT1/cmr/m/n/10 ) \OMS/cmsy/m/n/10 _
 []


Overfull \hbox (15.84148pt too wide) in paragraph at lines 4--35
\OT1/cmr/m/n/10 (\OML/cmm/m/it/10 a \OMS/cmsy/m/n/10 ^
 []


Overfull \hbox (8.21646pt too wide) in paragraph at lines 4--35
\OML/cmm/m/it/10 c\OT1/cmr/m/n/10 )$
 []


Overfull \hbox (19.99998pt too wide) in paragraph at lines 4--35
\OMS/cmsy/m/n/10 9\OT1/cmr/m/n/10 0 \OMS/cmsy/m/n/10 2
 []


Overfull \hbox (36.57985pt too wide) in paragraph at lines 4--35
\OML/cmm/m/it/10 B\OT1/cmr/m/n/10 )(\OMS/cmsy/m/n/10 8\OML/cmm/m/it/10 x \OMS/c
msy/m/n/10 2
 []


Overfull \hbox (27.13538pt too wide) in paragraph at lines 4--35
\OML/cmm/m/it/10 B\OT1/cmr/m/n/10 ) \OML/cmm/m/it/10 x \OMS/cmsy/m/n/10 _
 []


Overfull \hbox (15.55553pt too wide) in paragraph at lines 4--35
\OT1/cmr/m/n/10 0 =
 []


Overfull \hbox (5.71527pt too wide) in paragraph at lines 4--35
\OML/cmm/m/it/10 x[] 
 []


Overfull \hbox (23.88889pt too wide) in paragraph at lines 4--35
\OT1/cmr/m/n/10 (\OMS/cmsy/m/n/10 9\OT1/cmr/m/n/10 1 \OMS/cmsy/m/n/10 2
 []


Overfull \hbox (36.57985pt too wide) in paragraph at lines 4--35
\OML/cmm/m/it/10 B\OT1/cmr/m/n/10 )(\OMS/cmsy/m/n/10 8\OML/cmm/m/it/10 x \OMS/c
msy/m/n/10 2
 []


Overfull \hbox (27.13538pt too wide) in paragraph at lines 4--35
\OML/cmm/m/it/10 B\OT1/cmr/m/n/10 ) \OML/cmm/m/it/10 x \OMS/cmsy/m/n/10 ^
 []


Overfull \hbox (15.55553pt too wide) in paragraph at lines 4--35
\OT1/cmr/m/n/10 1 =
 []


Overfull \hbox (5.71527pt too wide) in paragraph at lines 4--35
\OML/cmm/m/it/10 x$
 []


Overfull \hbox (20.71524pt too wide) in paragraph at lines 4--35
\OMS/cmsy/m/n/10 8\OML/cmm/m/it/10 x \OMS/cmsy/m/n/10 2
 []


Overfull \hbox (36.57985pt too wide) in paragraph at lines 4--35
\OML/cmm/m/it/10 B\OT1/cmr/m/n/10 )(\OMS/cmsy/m/n/10 9[] 2
 []


Overfull \hbox (27.13538pt too wide) in paragraph at lines 4--35
\OML/cmm/m/it/10 B\OT1/cmr/m/n/10 ) \OML/cmm/m/it/10 x \OMS/cmsy/m/n/10 ^
 []


Overfull \hbox (16.27078pt too wide) in paragraph at lines 4--35
[] \OT1/cmr/m/n/10 =
 []


Overfull \hbox (5.00002pt too wide) in paragraph at lines 4--35
\OT1/cmr/m/n/10 0[] 
 []


Overfull \hbox (12.38196pt too wide) in paragraph at lines 4--35
\OML/cmm/m/it/10 x \OMS/cmsy/m/n/10 _
 []


Overfull \hbox (16.27078pt too wide) in paragraph at lines 4--35
[] \OT1/cmr/m/n/10 =
 []


Overfull \hbox (5.00002pt too wide) in paragraph at lines 4--35
\OT1/cmr/m/n/10 1$ 
 []

Missing character: There is no B in font nullfont!
Missing character: There is no u in font nullfont!
Missing character: There is no l in font nullfont!
Missing character: There is no o in font nullfont!
Missing character: There is no v in font nullfont!
Missing character: There is no a in font nullfont!
Missing character: There is no a in font nullfont!
Missing character: There is no l in font nullfont!
Missing character: There is no g in font nullfont!
Missing character: There is no e in font nullfont!
Missing character: There is no b in font nullfont!
Missing character: There is no r in font nullfont!
Missing character: There is no a in font nullfont!
Missing character: There is no s in font nullfont!
Missing character: There is no e in font nullfont!
Missing character: There is no o in font nullfont!
Missing character: There is no z in font nullfont!
Missing character: There is no n in font nullfont!
Missing character: There is no a in font nullfont!
Missing character: There is no ƒ in font nullfont!
Missing character: There is no ç in font nullfont!
Missing character: There is no a in font nullfont!
Missing character: There is no v in font nullfont!
Missing character: There is no a in font nullfont!
Missing character: There is no s in font nullfont!
Missing character: There is no a in font nullfont!
Missing character: There is no i in font nullfont!
Missing character: There is no l in font nullfont!
Missing character: There is no i in font nullfont!
Missing character: There is no . in font nullfont!
Missing character: There is no O in font nullfont!
Missing character: There is no v in font nullfont!
Missing character: There is no a in font nullfont!
Missing character: There is no j in font nullfont!
Missing character: There is no s in font nullfont!
Missing character: There is no i in font nullfont!
Missing character: There is no s in font nullfont!
Missing character: There is no t in font nullfont!
Missing character: There is no e in font nullfont!
Missing character: There is no m in font nullfont!
Missing character: There is no a in font nullfont!
Missing character: There is no k in font nullfont!
Missing character: There is no s in font nullfont!
Missing character: There is no i in font nullfont!
Missing character: There is no o in font nullfont!
Missing character: There is no m in font nullfont!
Missing character: There is no a in font nullfont!
Missing character: There is no n in font nullfont!
Missing character: There is no i in font nullfont!
Missing character: There is no j in font nullfont!
Missing character: There is no e in font nullfont!
Missing character: There is no m in font nullfont!
Missing character: There is no i in font nullfont!
Missing character: There is no n in font nullfont!
Missing character: There is no i in font nullfont!
Missing character: There is no m in font nullfont!
Missing character: There is no a in font nullfont!
Missing character: There is no l in font nullfont!
Missing character: There is no a in font nullfont!
Missing character: There is no n in font nullfont!
Missing character: There is no . in font nullfont!

! LaTeX Error: \begin{document} ended by \end{definition}.

See the LaTeX manual or LaTeX Companion for explanation.
Type  H <return>  for immediate help.
 ...                                              
                                                  
l.38 \end{definition}
                     
Your command was ignored.
Type  I <command> <return>  to replace it with another command,
or  <return>  to continue without it.


Overfull \hbox (18.64232pt too wide) in paragraph at lines 36--39
     $\OML/cmm/m/it/10 B \OT1/cmr/m/n/10 =
 []


Overfull \hbox (38.0868pt too wide) in paragraph at lines 36--39
\OT1/cmr/m/n/10 (\OML/cmm/m/it/10 B; \OMS/cmsy/m/n/10 _\OML/cmm/m/it/10 ; \OMS/
cmsy/m/n/10 ^\OT1/cmr/m/n/10 )$
 []


Overfull \hbox (18.64232pt too wide) in paragraph at lines 36--39
\OML/cmm/m/it/10 B \OT1/cmr/m/n/10 =
 []


Overfull \hbox (49.1979pt too wide) in paragraph at lines 36--39
\OT1/cmr/m/n/10 (\OML/cmm/m/it/10 B; \OMS/cmsy/m/n/10 _\OML/cmm/m/it/10 ; \OMS/
cmsy/m/n/10 ^\OML/cmm/m/it/10 ; \OMS/cmsy/m/n/10 :\OT1/cmr/m/n/10 )$ 
 []


Overfull \hbox (57.07605pt too wide) in paragraph at lines 36--39
\OT1/cmr/bx/n/10 Napomena:
 []

! Undefined control sequence.
l.40 \subsection
                {Primeri Bulove algebre}
The control sequence at the end of the top line
of your error message was never \def'ed. If you have
misspelled it (e.g., `\hobx'), type `I' and the correct
spelling (e.g., `I\hbox'). Otherwise just continue,
and I'll forget about whatever was undefined.


! LaTeX Error: Missing \begin{document}.

See the LaTeX manual or LaTeX Companion for explanation.
Type  H <return>  for immediate help.
 ...                                              
                                                  
l.40 \subsection{P
                  rimeri Bulove algebre}
You're in trouble here.  Try typing  <return>  to proceed.
If that doesn't work, type  X <return>  to quit.

Missing character: There is no P in font nullfont!
Missing character: There is no r in font nullfont!
Missing character: There is no i in font nullfont!
Missing character: There is no m in font nullfont!
Missing character: There is no e in font nullfont!
Missing character: There is no r in font nullfont!
Missing character: There is no i in font nullfont!
Missing character: There is no B in font nullfont!
Missing character: There is no u in font nullfont!
Missing character: There is no l in font nullfont!
Missing character: There is no o in font nullfont!
Missing character: There is no v in font nullfont!
Missing character: There is no e in font nullfont!
Missing character: There is no a in font nullfont!
Missing character: There is no l in font nullfont!
Missing character: There is no g in font nullfont!
Missing character: There is no e in font nullfont!
Missing character: There is no b in font nullfont!
Missing character: There is no r in font nullfont!
Missing character: There is no e in font nullfont!

Overfull \hbox (20.0pt too wide) in paragraph at lines 40--41
[]
 []

! Undefined control sequence.
l.42 \subsubsection
                   {Binarna (dvoƒçlana) Bulova algebra}
The control sequence at the end of the top line
of your error message was never \def'ed. If you have
misspelled it (e.g., `\hobx'), type `I' and the correct
spelling (e.g., `I\hbox'). Otherwise just continue,
and I'll forget about whatever was undefined.


! LaTeX Error: Missing \begin{document}.

See the LaTeX manual or LaTeX Companion for explanation.
Type  H <return>  for immediate help.
 ...                                              
                                                  
l.42 \subsubsection{B
                     inarna (dvoƒçlana) Bulova algebra}
You're in trouble here.  Try typing  <return>  to proceed.
If that doesn't work, type  X <return>  to quit.

Missing character: There is no B in font nullfont!
Missing character: There is no i in font nullfont!
Missing character: There is no n in font nullfont!
Missing character: There is no a in font nullfont!
Missing character: There is no r in font nullfont!
Missing character: There is no n in font nullfont!
Missing character: There is no a in font nullfont!
Missing character: There is no ( in font nullfont!
Missing character: There is no d in font nullfont!
Missing character: There is no v in font nullfont!
Missing character: There is no o in font nullfont!
Missing character: There is no ƒ in font nullfont!
Missing character: There is no ç in font nullfont!
Missing character: There is no l in font nullfont!
Missing character: There is no a in font nullfont!
Missing character: There is no n in font nullfont!
Missing character: There is no a in font nullfont!
Missing character: There is no ) in font nullfont!
Missing character: There is no B in font nullfont!
Missing character: There is no u in font nullfont!
Missing character: There is no l in font nullfont!
Missing character: There is no o in font nullfont!
Missing character: There is no v in font nullfont!
Missing character: There is no a in font nullfont!
Missing character: There is no a in font nullfont!
Missing character: There is no l in font nullfont!
Missing character: There is no g in font nullfont!
Missing character: There is no e in font nullfont!
Missing character: There is no b in font nullfont!
Missing character: There is no r in font nullfont!
Missing character: There is no a in font nullfont!
Missing character: There is no i in font nullfont!
Missing character: There is no o in font nullfont!
Missing character: There is no p in font nullfont!
Missing character: There is no e in font nullfont!
Missing character: There is no r in font nullfont!
Missing character: There is no a in font nullfont!
Missing character: There is no c in font nullfont!
Missing character: There is no i in font nullfont!
Missing character: There is no j in font nullfont!
Missing character: There is no e in font nullfont!
Missing character: There is no s in font nullfont!
Missing character: There is no u in font nullfont!
Missing character: There is no d in font nullfont!
Missing character: There is no e in font nullfont!
Missing character: There is no f in font nullfont!
Missing character: There is no i in font nullfont!
Missing character: There is no n in font nullfont!
Missing character: There is no i in font nullfont!
Missing character: There is no s in font nullfont!
Missing character: There is no a in font nullfont!
Missing character: There is no n in font nullfont!
Missing character: There is no e in font nullfont!
Missing character: There is no t in font nullfont!
Missing character: There is no a in font nullfont!
Missing character: There is no b in font nullfont!
Missing character: There is no l in font nullfont!
Missing character: There is no i in font nullfont!
Missing character: There is no c in font nullfont!
Missing character: There is no a in font nullfont!
Missing character: There is no m in font nullfont!
Missing character: There is no a in font nullfont!
Missing character: There is no : in font nullfont!

! LaTeX Error: Environment table undefined.

See the LaTeX manual or LaTeX Companion for explanation.
Type  H <return>  for immediate help.
 ...                                              
                                                  
l.44 	\begin{table}
                   [h!]
Your command was ignored.
Type  I <command> <return>  to replace it with another command,
or  <return>  to continue without it.

Missing character: There is no [ in font nullfont!
Missing character: There is no h in font nullfont!
Missing character: There is no ! in font nullfont!
Missing character: There is no ] in font nullfont!
Missing character: There is no 0 in font nullfont!
Missing character: There is no 0 in font nullfont!
Missing character: There is no 1 in font nullfont!
Missing character: There is no 0 in font nullfont!
Missing character: There is no 0 in font nullfont!
Missing character: There is no 0 in font nullfont!
Missing character: There is no 1 in font nullfont!
Missing character: There is no 1 in font nullfont!
Missing character: There is no 0 in font nullfont!
Missing character: There is no 1 in font nullfont!
Missing character: There is no 1 in font nullfont!
Missing character: There is no 0 in font nullfont!
Missing character: There is no 0 in font nullfont!
Missing character: There is no 0 in font nullfont!
Missing character: There is no 1 in font nullfont!
Missing character: There is no 1 in font nullfont!
Missing character: There is no 1 in font nullfont!
Missing character: There is no 0 in font nullfont!
Missing character: There is no 1 in font nullfont!
Missing character: There is no 1 in font nullfont!

! LaTeX Error: \begin{document} ended by \end{table}.

See the LaTeX manual or LaTeX Companion for explanation.
Type  H <return>  for immediate help.
 ...                                              
                                                  
l.54 	\end{table}
                 
Your command was ignored.
Type  I <command> <return>  to replace it with another command,
or  <return>  to continue without it.

! Undefined control sequence.
l.55 \subsection
                {Algebra skupova}
The control sequence at the end of the top line
of your error message was never \def'ed. If you have
misspelled it (e.g., `\hobx'), type `I' and the correct
spelling (e.g., `I\hbox'). Otherwise just continue,
and I'll forget about whatever was undefined.

Missing character: There is no A in font nullfont!
Missing character: There is no l in font nullfont!
Missing character: There is no g in font nullfont!
Missing character: There is no e in font nullfont!
Missing character: There is no b in font nullfont!
Missing character: There is no r in font nullfont!
Missing character: There is no a in font nullfont!
Missing character: There is no s in font nullfont!
Missing character: There is no k in font nullfont!
Missing character: There is no u in font nullfont!
Missing character: There is no p in font nullfont!
Missing character: There is no o in font nullfont!
Missing character: There is no v in font nullfont!
Missing character: There is no a in font nullfont!

! LaTeX Error: Environment definition undefined.

See the LaTeX manual or LaTeX Companion for explanation.
Type  H <return>  for immediate help.
 ...                                              
                                                  
l.56 	\begin{definition}
                        
Your command was ignored.
Type  I <command> <return>  to replace it with another command,
or  <return>  to continue without it.

Missing character: There is no A in font nullfont!
Missing character: There is no l in font nullfont!
Missing character: There is no g in font nullfont!
Missing character: There is no e in font nullfont!
Missing character: There is no b in font nullfont!
Missing character: There is no r in font nullfont!
Missing character: There is no a in font nullfont!
! Undefined control sequence.
l.57 		Algebra $(\powerset
                          {u}, \cup, \cap)$ gde je $\powerset{I}$ partitivni...
The control sequence at the end of the top line
of your error message was never \def'ed. If you have
misspelled it (e.g., `\hobx'), type `I' and the correct
spelling (e.g., `I\hbox'). Otherwise just continue,
and I'll forget about whatever was undefined.

Missing character: There is no g in font nullfont!
Missing character: There is no d in font nullfont!
Missing character: There is no e in font nullfont!
Missing character: There is no j in font nullfont!
Missing character: There is no e in font nullfont!
! Undefined control sequence.
<recently read> \powerset 
                          
l.57 ...owerset{u}, \cup, \cap)$ gde je $\powerset
                                                  {I}$ partitivni skup skupa...
The control sequence at the end of the top line
of your error message was never \def'ed. If you have
misspelled it (e.g., `\hobx'), type `I' and the correct
spelling (e.g., `I\hbox'). Otherwise just continue,
and I'll forget about whatever was undefined.

Missing character: There is no p in font nullfont!
Missing character: There is no a in font nullfont!
Missing character: There is no r in font nullfont!
Missing character: There is no t in font nullfont!
Missing character: There is no i in font nullfont!
Missing character: There is no t in font nullfont!
Missing character: There is no i in font nullfont!
Missing character: There is no v in font nullfont!
Missing character: There is no n in font nullfont!
Missing character: There is no i in font nullfont!
Missing character: There is no s in font nullfont!
Missing character: There is no k in font nullfont!
Missing character: There is no u in font nullfont!
Missing character: There is no p in font nullfont!
Missing character: There is no s in font nullfont!
Missing character: There is no k in font nullfont!
Missing character: There is no u in font nullfont!
Missing character: There is no p in font nullfont!
Missing character: There is no a in font nullfont!
! Undefined control sequence.
l.57 ...}$ partitivni skup skupa $I\; (I\centernot
                                                   = \emptyset)$, $\cup$ uni...
The control sequence at the end of the top line
of your error message was never \def'ed. If you have
misspelled it (e.g., `\hobx'), type `I' and the correct
spelling (e.g., `I\hbox'). Otherwise just continue,
and I'll forget about whatever was undefined.

Missing character: There is no , in font nullfont!
Missing character: There is no u in font nullfont!
Missing character: There is no n in font nullfont!
Missing character: There is no i in font nullfont!
Missing character: There is no j in font nullfont!
Missing character: There is no a in font nullfont!
Missing character: There is no , in font nullfont!
Missing character: There is no p in font nullfont!
Missing character: There is no r in font nullfont!
Missing character: There is no e in font nullfont!
Missing character: There is no s in font nullfont!
Missing character: There is no e in font nullfont!
Missing character: There is no k in font nullfont!
Missing character: There is no i in font nullfont!
Missing character: There is no k in font nullfont!
Missing character: There is no o in font nullfont!
Missing character: There is no m in font nullfont!
Missing character: There is no p in font nullfont!
Missing character: There is no l in font nullfont!
Missing character: There is no e in font nullfont!
Missing character: There is no m in font nullfont!
Missing character: There is no e in font nullfont!
Missing character: There is no n in font nullfont!
Missing character: There is no t in font nullfont!
Missing character: There is no j in font nullfont!
Missing character: There is no e in font nullfont!
Missing character: There is no B in font nullfont!
Missing character: There is no u in font nullfont!
Missing character: There is no l in font nullfont!
Missing character: There is no o in font nullfont!
Missing character: There is no v in font nullfont!
Missing character: There is no a in font nullfont!
Missing character: There is no a in font nullfont!
Missing character: There is no l in font nullfont!
Missing character: There is no g in font nullfont!
Missing character: There is no e in font nullfont!
Missing character: There is no b in font nullfont!
Missing character: There is no r in font nullfont!
Missing character: There is no a in font nullfont!
Missing character: There is no . in font nullfont!

! LaTeX Error: \begin{document} ended by \end{definition}.

See the LaTeX manual or LaTeX Companion for explanation.
Type  H <return>  for immediate help.
 ...                                              
                                                  
l.58 	\end{definition}
                      
Your command was ignored.
Type  I <command> <return>  to replace it with another command,
or  <return>  to continue without it.

Missing character: There is no O in font nullfont!
Missing character: There is no v in font nullfont!
Missing character: There is no o in font nullfont!
Missing character: There is no s in font nullfont!
Missing character: There is no l in font nullfont!
Missing character: There is no e in font nullfont!
Missing character: There is no d in font nullfont!
Missing character: There is no i in font nullfont!
Missing character: There is no i in font nullfont!
Missing character: There is no z in font nullfont!
Missing character: There is no o in font nullfont!
Missing character: There is no s in font nullfont!
Missing character: There is no o in font nullfont!
Missing character: There is no b in font nullfont!
Missing character: There is no i in font nullfont!
Missing character: There is no n in font nullfont!
Missing character: There is no a in font nullfont!
Missing character: There is no k in font nullfont!
Missing character: There is no o in font nullfont!
Missing character: There is no j in font nullfont!
Missing character: There is no e in font nullfont!
Missing character: There is no v in font nullfont!
Missing character: There is no a in font nullfont!
Missing character: There is no ≈ in font nullfont!
Missing character: There is no æ in font nullfont!
Missing character: There is no e in font nullfont!
Missing character: There is no z in font nullfont!
Missing character: There is no a in font nullfont!
Missing character: There is no u in font nullfont!
Missing character: There is no n in font nullfont!
Missing character: There is no i in font nullfont!
Missing character: There is no j in font nullfont!
Missing character: There is no u in font nullfont!
Missing character: There is no i in font nullfont!
Missing character: There is no p in font nullfont!
Missing character: There is no r in font nullfont!
Missing character: There is no e in font nullfont!
Missing character: There is no s in font nullfont!
Missing character: There is no e in font nullfont!
Missing character: There is no k in font nullfont!
Missing character: There is no s in font nullfont!
Missing character: There is no k in font nullfont!
Missing character: There is no u in font nullfont!
Missing character: There is no p in font nullfont!
Missing character: There is no o in font nullfont!
Missing character: There is no v in font nullfont!
Missing character: There is no a in font nullfont!
Missing character: There is no : in font nullfont!

Overfull \hbox (20.0pt too wide) in paragraph at lines 42--60
[]
 []


Overfull \hbox (18.64232pt too wide) in paragraph at lines 42--60
\OML/cmm/m/it/10 B \OT1/cmr/m/n/10 =
 []


Overfull \hbox (24.44447pt too wide) in paragraph at lines 42--60
\OMS/cmsy/m/n/10 f\OT1/cmr/m/n/10 0\OML/cmm/m/it/10 ; \OT1/cmr/m/n/10 1\OMS/cms
y/m/n/10 g$
 []


Overfull \hbox (28.88889pt too wide) in paragraph at lines 42--60
\OMS/cmsy/m/n/10 ^\OML/cmm/m/it/10 ; \OMS/cmsy/m/n/10 _\OML/cmm/m/it/10 ; \OMS/
cmsy/m/n/10 :$
 []


Overfull \hbox (56.81577pt too wide) in paragraph at lines 42--60
[]
 []


Overfull \hbox (35.72458pt too wide) in paragraph at lines 42--60
\OT1/cmr/m/n/10 (\OML/cmm/m/it/10 u; \OMS/cmsy/m/n/10 [\OML/cmm/m/it/10 ; \OMS/
cmsy/m/n/10 \\OT1/cmr/m/n/10 )$
 []


Overfull \hbox (5.18054pt too wide) in paragraph at lines 42--60
\OML/cmm/m/it/10 I$
 []


Overfull \hbox (27.5832pt too wide) in paragraph at lines 42--60
\OML/cmm/m/it/10 I \OT1/cmr/m/n/10 (\OML/cmm/m/it/10 I \OT1/cmr/m/n/10 =
 []


Overfull \hbox (8.88892pt too wide) in paragraph at lines 42--60
\OMS/cmsy/m/n/10 ;\OT1/cmr/m/n/10 )$
 []


Overfull \hbox (6.66669pt too wide) in paragraph at lines 42--60
\OMS/cmsy/m/n/10 [$
 []


Overfull \hbox (6.66669pt too wide) in paragraph at lines 42--60
\OMS/cmsy/m/n/10 \$
 []


Overfull \hbox (4.07375pt too wide) in paragraph at lines 42--60
[]$
 []


! LaTeX Error: Missing \begin{document}.

See the LaTeX manual or LaTeX Companion for explanation.
Type  H <return>  for immediate help.
 ...                                              
                                                  
l.60 	\begin{enumerate}[
                        label = \arabic*.]
You're in trouble here.  Try typing  <return>  to proceed.
If that doesn't work, type  X <return>  to quit.

Missing character: There is no [ in font nullfont!
Missing character: There is no l in font nullfont!
Missing character: There is no a in font nullfont!
Missing character: There is no b in font nullfont!
Missing character: There is no e in font nullfont!
Missing character: There is no l in font nullfont!
Missing character: There is no = in font nullfont!
! Missing number, treated as zero.
<to be read again> 
                   \c@* 
l.60 	\begin{enumerate}[label = \arabic*
                                        .]
A number should have been here; I inserted `0'.
(If you can't figure out why I needed to see a number,
look up `weird error' in the index to The TeXbook.)

Missing character: There is no 0 in font nullfont!
Missing character: There is no . in font nullfont!
Missing character: There is no ] in font nullfont!

! LaTeX Error: Something's wrong--perhaps a missing \item.

See the LaTeX manual or LaTeX Companion for explanation.
Type  H <return>  for immediate help.
 ...                                              
                                                  
l.61 		\item $
              A \cup B = B \cup A \quad A \cap B = B \cap A$
Try typing  <return>  to proceed.
If that doesn't work, type  X <return>  to quit.


! LaTeX Error: Something's wrong--perhaps a missing \item.

See the LaTeX manual or LaTeX Companion for explanation.
Type  H <return>  for immediate help.
 ...                                              
                                                  
l.61 		\item $
              A \cup B = B \cup A \quad A \cap B = B \cap A$
Try typing  <return>  to proceed.
If that doesn't work, type  X <return>  to quit.


! LaTeX Error: Something's wrong--perhaps a missing \item.

See the LaTeX manual or LaTeX Companion for explanation.
Type  H <return>  for immediate help.
 ...                                              
                                                  
l.61 		\item $
              A \cup B = B \cup A \quad A \cap B = B \cap A$
Try typing  <return>  to proceed.
If that doesn't work, type  X <return>  to quit.


! LaTeX Error: Something's wrong--perhaps a missing \item.

See the LaTeX manual or LaTeX Companion for explanation.
Type  H <return>  for immediate help.
 ...                                              
                                                  
l.62 		\item $
              (A\cup B) \cup C = A \cup (B \cup C) \quad (A\cap B) \cap C = ...

Try typing  <return>  to proceed.
If that doesn't work, type  X <return>  to quit.


! LaTeX Error: Something's wrong--perhaps a missing \item.

See the LaTeX manual or LaTeX Companion for explanation.
Type  H <return>  for immediate help.
 ...                                              
                                                  
l.62 		\item $
              (A\cup B) \cup C = A \cup (B \cup C) \quad (A\cap B) \cap C = ...

Try typing  <return>  to proceed.
If that doesn't work, type  X <return>  to quit.


! LaTeX Error: Something's wrong--perhaps a missing \item.

See the LaTeX manual or LaTeX Companion for explanation.
Type  H <return>  for immediate help.
 ...                                              
                                                  
l.62 		\item $
              (A\cup B) \cup C = A \cup (B \cup C) \quad (A\cap B) \cap C = ...

Try typing  <return>  to proceed.
If that doesn't work, type  X <return>  to quit.


! LaTeX Error: Something's wrong--perhaps a missing \item.

See the LaTeX manual or LaTeX Companion for explanation.
Type  H <return>  for immediate help.
 ...                                              
                                                  
l.63 		\item $
              A \cup (B \cap C) = (A \cup B) \cap (A \cup C) \quad A \cap (B...

Try typing  <return>  to proceed.
If that doesn't work, type  X <return>  to quit.


! LaTeX Error: Something's wrong--perhaps a missing \item.

See the LaTeX manual or LaTeX Companion for explanation.
Type  H <return>  for immediate help.
 ...                                              
                                                  
l.63 		\item $
              A \cup (B \cap C) = (A \cup B) \cap (A \cup C) \quad A \cap (B...

Try typing  <return>  to proceed.
If that doesn't work, type  X <return>  to quit.


! LaTeX Error: Something's wrong--perhaps a missing \item.

See the LaTeX manual or LaTeX Companion for explanation.
Type  H <return>  for immediate help.
 ...                                              
                                                  
l.63 		\item $
              A \cup (B \cap C) = (A \cup B) \cap (A \cup C) \quad A \cap (B...

Try typing  <return>  to proceed.
If that doesn't work, type  X <return>  to quit.


! LaTeX Error: Something's wrong--perhaps a missing \item.

See the LaTeX manual or LaTeX Companion for explanation.
Type  H <return>  for immediate help.
 ...                                              
                                                  
l.64 		\item $
              A \cup \emptyset = A \quad A \cap I = A$
Try typing  <return>  to proceed.
If that doesn't work, type  X <return>  to quit.


! LaTeX Error: Something's wrong--perhaps a missing \item.

See the LaTeX manual or LaTeX Companion for explanation.
Type  H <return>  for immediate help.
 ...                                              
                                                  
l.64 		\item $
              A \cup \emptyset = A \quad A \cap I = A$
Try typing  <return>  to proceed.
If that doesn't work, type  X <return>  to quit.


! LaTeX Error: Something's wrong--perhaps a missing \item.

See the LaTeX manual or LaTeX Companion for explanation.
Type  H <return>  for immediate help.
 ...                                              
                                                  
l.64 		\item $
              A \cup \emptyset = A \quad A \cap I = A$
Try typing  <return>  to proceed.
If that doesn't work, type  X <return>  to quit.


! LaTeX Error: Something's wrong--perhaps a missing \item.

See the LaTeX manual or LaTeX Companion for explanation.
Type  H <return>  for immediate help.
 ...                                              
                                                  
l.65 		\item $
              A \cup A^c = I \quad A \cap A^c = \emptyset$
Try typing  <return>  to proceed.
If that doesn't work, type  X <return>  to quit.


! LaTeX Error: Something's wrong--perhaps a missing \item.

See the LaTeX manual or LaTeX Companion for explanation.
Type  H <return>  for immediate help.
 ...                                              
                                                  
l.65 		\item $
              A \cup A^c = I \quad A \cap A^c = \emptyset$
Try typing  <return>  to proceed.
If that doesn't work, type  X <return>  to quit.


! LaTeX Error: Something's wrong--perhaps a missing \item.

See the LaTeX manual or LaTeX Companion for explanation.
Type  H <return>  for immediate help.
 ...                                              
                                                  
l.65 		\item $
              A \cup A^c = I \quad A \cap A^c = \emptyset$
Try typing  <return>  to proceed.
If that doesn't work, type  X <return>  to quit.


! LaTeX Error: Something's wrong--perhaps a missing \item.

See the LaTeX manual or LaTeX Companion for explanation.
Type  H <return>  for immediate help.
 ...                                              
                                                  
l.66 	\end{enumerate}
                     
Try typing  <return>  to proceed.
If that doesn't work, type  X <return>  to quit.


Overfull \hbox (14.1667pt too wide) in paragraph at lines 60--66
\OML/cmm/m/it/10 A \OMS/cmsy/m/n/10 [
 []


Overfull \hbox (18.64232pt too wide) in paragraph at lines 60--66
\OML/cmm/m/it/10 B \OT1/cmr/m/n/10 =
 []


Overfull \hbox (14.7535pt too wide) in paragraph at lines 60--66
\OML/cmm/m/it/10 B \OMS/cmsy/m/n/10 [
 []


Overfull \hbox (21.66672pt too wide) in paragraph at lines 60--66
\OML/cmm/m/it/10 A A \OMS/cmsy/m/n/10 \
 []


Overfull \hbox (18.64232pt too wide) in paragraph at lines 60--66
\OML/cmm/m/it/10 B \OT1/cmr/m/n/10 =
 []


Overfull \hbox (14.7535pt too wide) in paragraph at lines 60--66
\OML/cmm/m/it/10 B \OMS/cmsy/m/n/10 \
 []


Overfull \hbox (7.50002pt too wide) in paragraph at lines 60--66
\OML/cmm/m/it/10 A$
 []


Overfull \hbox (18.0556pt too wide) in paragraph at lines 60--66
[]$\OT1/cmr/m/n/10 (\OML/cmm/m/it/10 A \OMS/cmsy/m/n/10 [
 []


Overfull \hbox (18.6424pt too wide) in paragraph at lines 60--66
\OML/cmm/m/it/10 B\OT1/cmr/m/n/10 ) \OMS/cmsy/m/n/10 [
 []


Overfull \hbox (18.418pt too wide) in paragraph at lines 60--66
\OML/cmm/m/it/10 C \OT1/cmr/m/n/10 =
 []


Overfull \hbox (14.1667pt too wide) in paragraph at lines 60--66
\OML/cmm/m/it/10 A \OMS/cmsy/m/n/10 [
 []


Overfull \hbox (18.6424pt too wide) in paragraph at lines 60--66
\OT1/cmr/m/n/10 (\OML/cmm/m/it/10 B \OMS/cmsy/m/n/10 [
 []


Overfull \hbox (29.80699pt too wide) in paragraph at lines 60--66
\OML/cmm/m/it/10 C\OT1/cmr/m/n/10 ) (\OML/cmm/m/it/10 A \OMS/cmsy/m/n/10 \
 []


Overfull \hbox (18.6424pt too wide) in paragraph at lines 60--66
\OML/cmm/m/it/10 B\OT1/cmr/m/n/10 ) \OMS/cmsy/m/n/10 \
 []


Overfull \hbox (18.418pt too wide) in paragraph at lines 60--66
\OML/cmm/m/it/10 C \OT1/cmr/m/n/10 =
 []


Overfull \hbox (14.1667pt too wide) in paragraph at lines 60--66
\OML/cmm/m/it/10 A \OMS/cmsy/m/n/10 \
 []


Overfull \hbox (18.6424pt too wide) in paragraph at lines 60--66
\OT1/cmr/m/n/10 (\OML/cmm/m/it/10 B \OMS/cmsy/m/n/10 \
 []


Overfull \hbox (11.75139pt too wide) in paragraph at lines 60--66
\OML/cmm/m/it/10 C\OT1/cmr/m/n/10 )$
 []


Overfull \hbox (14.1667pt too wide) in paragraph at lines 60--66
[]$\OML/cmm/m/it/10 A \OMS/cmsy/m/n/10 [
 []


Overfull \hbox (18.6424pt too wide) in paragraph at lines 60--66
\OT1/cmr/m/n/10 (\OML/cmm/m/it/10 B \OMS/cmsy/m/n/10 \
 []


Overfull \hbox (22.3069pt too wide) in paragraph at lines 60--66
\OML/cmm/m/it/10 C\OT1/cmr/m/n/10 ) =
 []


Overfull \hbox (18.0556pt too wide) in paragraph at lines 60--66
\OT1/cmr/m/n/10 (\OML/cmm/m/it/10 A \OMS/cmsy/m/n/10 [
 []


Overfull \hbox (18.6424pt too wide) in paragraph at lines 60--66
\OML/cmm/m/it/10 B\OT1/cmr/m/n/10 ) \OMS/cmsy/m/n/10 \
 []


Overfull \hbox (18.0556pt too wide) in paragraph at lines 60--66
\OT1/cmr/m/n/10 (\OML/cmm/m/it/10 A \OMS/cmsy/m/n/10 [
 []


Overfull \hbox (25.91809pt too wide) in paragraph at lines 60--66
\OML/cmm/m/it/10 C\OT1/cmr/m/n/10 ) \OML/cmm/m/it/10 A \OMS/cmsy/m/n/10 \
 []


Overfull \hbox (18.6424pt too wide) in paragraph at lines 60--66
\OT1/cmr/m/n/10 (\OML/cmm/m/it/10 B \OMS/cmsy/m/n/10 [
 []


Overfull \hbox (22.3069pt too wide) in paragraph at lines 60--66
\OML/cmm/m/it/10 C\OT1/cmr/m/n/10 ) =
 []


Overfull \hbox (18.0556pt too wide) in paragraph at lines 60--66
\OT1/cmr/m/n/10 (\OML/cmm/m/it/10 A \OMS/cmsy/m/n/10 \
 []


Overfull \hbox (18.6424pt too wide) in paragraph at lines 60--66
\OML/cmm/m/it/10 B\OT1/cmr/m/n/10 ) \OMS/cmsy/m/n/10 [
 []


Overfull \hbox (18.0556pt too wide) in paragraph at lines 60--66
\OT1/cmr/m/n/10 (\OML/cmm/m/it/10 A \OMS/cmsy/m/n/10 \
 []


Overfull \hbox (11.75139pt too wide) in paragraph at lines 60--66
\OML/cmm/m/it/10 C\OT1/cmr/m/n/10 )$
 []


Overfull \hbox (14.1667pt too wide) in paragraph at lines 60--66
[]$\OML/cmm/m/it/10 A \OMS/cmsy/m/n/10 [
 []


Overfull \hbox (15.55553pt too wide) in paragraph at lines 60--66
\OMS/cmsy/m/n/10 ; \OT1/cmr/m/n/10 =
 []


Overfull \hbox (21.66672pt too wide) in paragraph at lines 60--66
\OML/cmm/m/it/10 A A \OMS/cmsy/m/n/10 \
 []


Overfull \hbox (15.73605pt too wide) in paragraph at lines 60--66
\OML/cmm/m/it/10 I \OT1/cmr/m/n/10 =
 []


Overfull \hbox (7.50002pt too wide) in paragraph at lines 60--66
\OML/cmm/m/it/10 A$
 []


Overfull \hbox (14.1667pt too wide) in paragraph at lines 60--66
[]$\OML/cmm/m/it/10 A \OMS/cmsy/m/n/10 [
 []


Overfull \hbox (22.12927pt too wide) in paragraph at lines 60--66
\OML/cmm/m/it/10 A[] \OT1/cmr/m/n/10 =
 []


Overfull \hbox (19.34724pt too wide) in paragraph at lines 60--66
\OML/cmm/m/it/10 I A \OMS/cmsy/m/n/10 \
 []


Overfull \hbox (22.12927pt too wide) in paragraph at lines 60--66
\OML/cmm/m/it/10 A[] \OT1/cmr/m/n/10 =
 []


Overfull \hbox (5.00002pt too wide) in paragraph at lines 60--66
\OMS/cmsy/m/n/10 ;$ 
 []

)
! Emergency stop.
<*> ./BulovaAlgebra.tex
                       
*** (job aborted, no legal \end found)

 
Here is how much of TeX's memory you used:
 21 strings out of 493333
 248 string characters out of 3141349
 60255 words of memory out of 3000000
 3650 multiletter control sequences out of 15000+200000
 3948 words of font info for 15 fonts, out of 3000000 for 9000
 1141 hyphenation exceptions out of 8191
 18i,8n,12p,205b,105s stack positions out of 5000i,500n,10000p,200000b,50000s
!  ==> Fatal error occurred, no output PDF file produced!
